<?xml version="1.0" encoding="UTF-8"?>
<testsuite name="HudsonDemo.HudsonDemoSOAP TestSuite" tests="1" failures="0" errors="0" time="1.839"><properties><property name="soapui.properties" value="soapui.properties"/><property name="java.runtime.name" value="Java(TM) SE Runtime Environment"/><property name="sun.boot.library.path" value="c:\Dev\sdk\jdk6u45\jre\bin"/><property name="java.vm.version" value="20.45-b01"/><property name="soapui.ext.actions" value="C:\Dev\tools\soapui-pro-4.5.2-m-SNAPSHOT\bin\actions"/><property name="soapui.ext.libraries" value="C:\Dev\tools\soapui-pro-4.5.2-m-SNAPSHOT\bin\ext"/><property name="java.vm.vendor" value="Sun Microsystems Inc."/><property name="java.vendor.url" value="http://java.sun.com/"/><property name="path.separator" value=";"/><property name="java.vm.name" value="Java HotSpot(TM) 64-Bit Server VM"/><property name="file.encoding.pkg" value="sun.io"/><property name="sun.java.launcher" value="SUN_STANDARD"/><property name="user.country" value="US"/><property name="sun.os.patch.level" value="Service Pack 1"/><property name="java.vm.specification.name" value="Java Virtual Machine Specification"/><property name="user.dir" value="C:\Dev\tools\soapui-pro-4.5.2-m-SNAPSHOT\bin"/><property name="java.runtime.version" value="1.6.0_45-b06"/><property name="java.awt.graphicsenv" value="sun.awt.Win32GraphicsEnvironment"/><property name="java.endorsed.dirs" value="c:\Dev\sdk\jdk6u45\jre\lib\endorsed"/><property name="os.arch" value="amd64"/><property name="java.io.tmpdir" value="C:\Users\IBM_AD~1\AppData\Local\Temp\"/><property name="line.separator" value="
"/><property name="java.vm.specification.vendor" value="Sun Microsystems Inc."/><property name="user.variant" value=""/><property name="os.name" value="Windows 7"/><property name="sun.jnu.encoding" value="Cp1252"/><property name="java.library.path" value="c:\Dev\sdk\jdk6u45\bin;C:\windows\Sun\Java\bin;C:\windows\system32;C:\windows;C:\Python27\;C:\Python27\Scripts;C:\Dev\server\oraclexe\app\oracle\product\11.2.0\server\bin;;C:\Perl64\site\bin;C:\Perl64\bin;C:\windows\system32;C:\windows;C:\windows\System32\Wbem;C:\windows\System32\WindowsPowerShell\v1.0\;C:\Program Files\IBM\Infoprint Select;C:\Program Files\ThinkPad\Bluetooth Software\;C:\Program Files\ThinkPad\Bluetooth Software\syswow64;C:\Program Files\Broadcom\WHL\;C:\Program Files\Broadcom\WHL\syswow64;C:\Program Files\Broadcom\WHL\SysWow64\;C:\Program Files\Broadcom\WHL\SysWow64\syswow64;C:\Program Files\Intel\WiFi\bin\;C:\Program Files\Common Files\Intel\WirelessCommon\;C:\Program Files (x86)\Lenovo\Access Connections\;C:\Program Files\TortoiseSVN\bin;C:\Program Files (x86)\VisualSVN Server\bin;C:\Users\IBM_ADMIN\AppData\Roaming\Python\Scripts;C:\Program Files\Intel\WiFi\bin\;C:\Program Files\Common Files\Intel\WirelessCommon\;C:\Program Files (x86)\Nmap;c:\Dev\tools\apache-ant-1.9.2\bin;c:\Dev\tools\apache-maven-3.1.0\bin;c:\Dev\sdk\groovy-2.1.7\bin;."/><property name="soapui.home" value="C:\Dev\tools\soapui-pro-4.5.2-m-SNAPSHOT\bin\"/><property name="java.specification.name" value="Java Platform API Specification"/><property name="java.class.version" value="50.0"/><property name="sun.management.compiler" value="HotSpot 64-Bit Tiered Compilers"/><property name="os.version" value="6.1"/><property name="user.home" value="C:\Users\IBM_ADMIN"/><property name="user.timezone" value="Europe/London"/><property name="java.awt.printerjob" value="sun.awt.windows.WPrinterJob"/><property name="file.encoding" value="Cp1252"/><property name="java.specification.version" value="1.6"/><property name="java.class.path" value="C:\Dev\tools\soapui-pro-4.5.2-m-SNAPSHOT\bin\soapui-pro-4.5.2-m-SNAPSHOT.jar;C:\Dev\tools\soapui-pro-4.5.2-m-SNAPSHOT\bin\..\lib\activation-1.1.jar;C:\Dev\tools\soapui-pro-4.5.2-m-SNAPSHOT\bin\..\lib\activeQueryBuilder-activeQueryBuilder.jar;C:\Dev\tools\soapui-pro-4.5.2-m-SNAPSHOT\bin\..\lib\axis-ant-protection.jar;C:\Dev\tools\soapui-pro-4.5.2-m-SNAPSHOT\bin\..\lib\axis-protection.jar;C:\Dev\tools\soapui-pro-4.5.2-m-SNAPSHOT\bin\..\lib\bcmail-jdk14-1.38.jar;C:\Dev\tools\soapui-pro-4.5.2-m-SNAPSHOT\bin\..\lib\bcmail-jdk14-138.jar;C:\Dev\tools\soapui-pro-4.5.2-m-SNAPSHOT\bin\..\lib\bcprov-jdk14-1.38.jar;C:\Dev\tools\soapui-pro-4.5.2-m-SNAPSHOT\bin\..\lib\bcprov-jdk14-138.jar;C:\Dev\tools\soapui-pro-4.5.2-m-SNAPSHOT\bin\..\lib\bcprov-jdk15-144.jar;C:\Dev\tools\soapui-pro-4.5.2-m-SNAPSHOT\bin\..\lib\bctsp-jdk14-1.38.jar;C:\Dev\tools\soapui-pro-4.5.2-m-SNAPSHOT\bin\..\lib\binding-2.0.1.jar;C:\Dev\tools\soapui-pro-4.5.2-m-SNAPSHOT\bin\..\lib\cajo-1.142.jar;C:\Dev\tools\soapui-pro-4.5.2-m-SNAPSHOT\bin\..\lib\comfyj-2.9.jar;C:\Dev\tools\soapui-pro-4.5.2-m-SNAPSHOT\bin\..\lib\commons-beanutils-1.7.0.jar;C:\Dev\tools\soapui-pro-4.5.2-m-SNAPSHOT\bin\..\lib\commons-cli-1.0.jar;C:\Dev\tools\soapui-pro-4.5.2-m-SNAPSHOT\bin\..\lib\commons-codec-1.3.jar;C:\Dev\tools\soapui-pro-4.5.2-m-SNAPSHOT\bin\..\lib\commons-collections-3.2.1.jar;C:\Dev\tools\soapui-pro-4.5.2-m-SNAPSHOT\bin\..\lib\commons-digester-1.7.jar;C:\Dev\tools\soapui-pro-4.5.2-m-SNAPSHOT\bin\..\lib\commons-discovery-0.2.jar;C:\Dev\tools\soapui-pro-4.5.2-m-SNAPSHOT\bin\..\lib\commons-httpclient-3.1.jar;C:\Dev\tools\soapui-pro-4.5.2-m-SNAPSHOT\bin\..\lib\commons-io-1.3.2.jar;C:\Dev\tools\soapui-pro-4.5.2-m-SNAPSHOT\bin\..\lib\commons-lang-2.4.jar;C:\Dev\tools\soapui-pro-4.5.2-m-SNAPSHOT\bin\..\lib\commons-logging-1.1.1.jar;C:\Dev\tools\soapui-pro-4.5.2-m-SNAPSHOT\bin\..\lib\cssparser-0.9.5.jar;C:\Dev\tools\soapui-pro-4.5.2-m-SNAPSHOT\bin\..\lib\dom4j-1.6.1.jar;C:\Dev\tools\soapui-pro-4.5.2-m-SNAPSHOT\bin\..\lib\engine-gecko-3.3.jar;C:\Dev\tools\soapui-pro-4.5.2-m-SNAPSHOT\bin\..\lib\engine-gecko15-3.3.jar;C:\Dev\tools\soapui-pro-4.5.2-m-SNAPSHOT\bin\..\lib\engine-ie-3.3.jar;C:\Dev\tools\soapui-pro-4.5.2-m-SNAPSHOT\bin\..\lib\engine-webkit-3.3.jar;C:\Dev\tools\soapui-pro-4.5.2-m-SNAPSHOT\bin\..\lib\ezmorph-1.0.5.jar;C:\Dev\tools\soapui-pro-4.5.2-m-SNAPSHOT\bin\..\lib\flex-messaging-common-1.0.jar;C:\Dev\tools\soapui-pro-4.5.2-m-SNAPSHOT\bin\..\lib\flex-messaging-core-1.0.jar;C:\Dev\tools\soapui-pro-4.5.2-m-SNAPSHOT\bin\..\lib\flex-messaging-opt-1.0.jar;C:\Dev\tools\soapui-pro-4.5.2-m-SNAPSHOT\bin\..\lib\flex-messaging-proxy-1.0.jar;C:\Dev\tools\soapui-pro-4.5.2-m-SNAPSHOT\bin\..\lib\flex-messaging-remoting-1.0.jar;C:\Dev\tools\soapui-pro-4.5.2-m-SNAPSHOT\bin\..\lib\forms-1.0.7.jar;C:\Dev\tools\soapui-pro-4.5.2-m-SNAPSHOT\bin\..\lib\groovy-all-1.8.0.jar;C:\Dev\tools\soapui-pro-4.5.2-m-SNAPSHOT\bin\..\lib\guava-14.0.jar;C:\Dev\tools\soapui-pro-4.5.2-m-SNAPSHOT\bin\..\lib\hamcrest-core-1.1.jar;C:\Dev\tools\soapui-pro-4.5.2-m-SNAPSHOT\bin\..\lib\hermes-1.14.jar;C:\Dev\tools\soapui-pro-4.5.2-m-SNAPSHOT\bin\..\lib\htmlunit-2.7.jar;C:\Dev\tools\soapui-pro-4.5.2-m-SNAPSHOT\bin\..\lib\htmlunit-core-js-2.7.jar;C:\Dev\tools\soapui-pro-4.5.2-m-SNAPSHOT\bin\..\lib\httpclient-4.1.1.jar;C:\Dev\tools\soapui-pro-4.5.2-m-SNAPSHOT\bin\..\lib\httpclient-cache-4.1.1.jar;C:\Dev\tools\soapui-pro-4.5.2-m-SNAPSHOT\bin\..\lib\httpcore-4.1.1.jar;C:\Dev\tools\soapui-pro-4.5.2-m-SNAPSHOT\bin\..\lib\httpcore-nio-4.1.1.jar;C:\Dev\tools\soapui-pro-4.5.2-m-SNAPSHOT\bin\..\lib\httpmime-4.1.1.jar;C:\Dev\tools\soapui-pro-4.5.2-m-SNAPSHOT\bin\..\lib\idw-1.6.1.jar;C:\Dev\tools\soapui-pro-4.5.2-m-SNAPSHOT\bin\..\lib\itext-2.1.7.jar;C:\Dev\tools\soapui-pro-4.5.2-m-SNAPSHOT\bin\..\lib\jasperreports-4.0.2.jar;C:\Dev\tools\soapui-pro-4.5.2-m-SNAPSHOT\bin\..\lib\jaxen-1.1-beta-8.jar;C:\Dev\tools\soapui-pro-4.5.2-m-SNAPSHOT\bin\..\lib\jaxrpc-protection.jar;C:\Dev\tools\soapui-pro-4.5.2-m-SNAPSHOT\bin\..\lib\jcalendar-1.3.2.jar;C:\Dev\tools\soapui-pro-4.5.2-m-SNAPSHOT\bin\..\lib\jcifs-1.2.9.jar;C:\Dev\tools\soapui-pro-4.5.2-m-SNAPSHOT\bin\..\lib\jcommon-1.0.15.jar;C:\Dev\tools\soapui-pro-4.5.2-m-SNAPSHOT\bin\..\lib\jdom-1.0.jar;C:\Dev\tools\soapui-pro-4.5.2-m-SNAPSHOT\bin\..\lib\jdtcore-3.1.0.jar;C:\Dev\tools\soapui-pro-4.5.2-m-SNAPSHOT\bin\..\lib\jetty-6.1.26.jar;C:\Dev\tools\soapui-pro-4.5.2-m-SNAPSHOT\bin\..\lib\jetty-util-6.1.26.jar;C:\Dev\tools\soapui-pro-4.5.2-m-SNAPSHOT\bin\..\lib\jfreechart-1.0.12.jar;C:\Dev\tools\soapui-pro-4.5.2-m-SNAPSHOT\bin\..\lib\jhall-protection.jar;C:\Dev\tools\soapui-pro-4.5.2-m-SNAPSHOT\bin\..\lib\jms-1.1.jar;C:\Dev\tools\soapui-pro-4.5.2-m-SNAPSHOT\bin\..\lib\jniwrap-3.8.4.jar;C:\Dev\tools\soapui-pro-4.5.2-m-SNAPSHOT\bin\..\lib\joda-time-1.6.2.jar;C:\Dev\tools\soapui-pro-4.5.2-m-SNAPSHOT\bin\..\lib\js-1.7R2.jar;C:\Dev\tools\soapui-pro-4.5.2-m-SNAPSHOT\bin\..\lib\json-lib-2.2.2-jdk15.jar;C:\Dev\tools\soapui-pro-4.5.2-m-SNAPSHOT\bin\..\lib\jsr173_api-1.0.jar;C:\Dev\tools\soapui-pro-4.5.2-m-SNAPSHOT\bin\..\lib\jtidy-r872-jdk15.jar;C:\Dev\tools\soapui-pro-4.5.2-m-SNAPSHOT\bin\..\lib\jug-protection.jar;C:\Dev\tools\soapui-pro-4.5.2-m-SNAPSHOT\bin\..\lib\junit-4.10.jar;C:\Dev\tools\soapui-pro-4.5.2-m-SNAPSHOT\bin\..\lib\jxbrowser-3.3.jar;C:\Dev\tools\soapui-pro-4.5.2-m-SNAPSHOT\bin\..\lib\jxl-2.6.12.jar;C:\Dev\tools\soapui-pro-4.5.2-m-SNAPSHOT\bin\..\lib\l2fprod-common-directorychooser-7.3.jar;C:\Dev\tools\soapui-pro-4.5.2-m-SNAPSHOT\bin\..\lib\l2fprod-common-fontchooser-7.3.jar;C:\Dev\tools\soapui-pro-4.5.2-m-SNAPSHOT\bin\..\lib\license4j-1.3.jar;C:\Dev\tools\soapui-pro-4.5.2-m-SNAPSHOT\bin\..\lib\log4j-1.2.14.jar;C:\Dev\tools\soapui-pro-4.5.2-m-SNAPSHOT\bin\..\lib\looks-2.2.0.jar;C:\Dev\tools\soapui-pro-4.5.2-m-SNAPSHOT\bin\..\lib\mail-1.4.jar;C:\Dev\tools\soapui-pro-4.5.2-m-SNAPSHOT\bin\..\lib\maven-plugin-api-2.0.jar;C:\Dev\tools\soapui-pro-4.5.2-m-SNAPSHOT\bin\..\lib\mockito-all-1.8.5.jar;C:\Dev\tools\soapui-pro-4.5.2-m-SNAPSHOT\bin\..\lib\MozillaInterfaces-3.0.jar;C:\Dev\tools\soapui-pro-4.5.2-m-SNAPSHOT\bin\..\lib\nekohtml-1.9.14.jar;C:\Dev\tools\soapui-pro-4.5.2-m-SNAPSHOT\bin\..\lib\netcomponents-1.3.8a.jar;C:\Dev\tools\soapui-pro-4.5.2-m-SNAPSHOT\bin\..\lib\not-yet-commons-ssl-0.3.11.jar;C:\Dev\tools\soapui-pro-4.5.2-m-SNAPSHOT\bin\..\lib\opencsv-1.8.jar;C:\Dev\tools\soapui-pro-4.5.2-m-SNAPSHOT\bin\..\lib\opensaml-2.4.1.jar;C:\Dev\tools\soapui-pro-4.5.2-m-SNAPSHOT\bin\..\lib\openws-1.4.1.jar;C:\Dev\tools\soapui-pro-4.5.2-m-SNAPSHOT\bin\..\lib\Protection-4.6.jar;C:\Dev\tools\soapui-pro-4.5.2-m-SNAPSHOT\bin\..\lib\ProtectionHelp-4.6.jar;C:\Dev\tools\soapui-pro-4.5.2-m-SNAPSHOT\bin\..\lib\ProtectionPriv-4.6.jar;C:\Dev\tools\soapui-pro-4.5.2-m-SNAPSHOT\bin\..\lib\reports-1.0.jar;C:\Dev\tools\soapui-pro-4.5.2-m-SNAPSHOT\bin\..\lib\rsyntaxtextarea-2.0.1.jar;C:\Dev\tools\soapui-pro-4.5.2-m-SNAPSHOT\bin\..\lib\sac-1.3.jar;C:\Dev\tools\soapui-pro-4.5.2-m-SNAPSHOT\bin\..\lib\saxon-9.1.0.8j.jar;C:\Dev\tools\soapui-pro-4.5.2-m-SNAPSHOT\bin\..\lib\saxon-dom-9.1.0.8j.jar;C:\Dev\tools\soapui-pro-4.5.2-m-SNAPSHOT\bin\..\lib\serializer-2.7.1.jar;C:\Dev\tools\soapui-pro-4.5.2-m-SNAPSHOT\bin\..\lib\servlet-api-2.5-20081211.jar;C:\Dev\tools\soapui-pro-4.5.2-m-SNAPSHOT\bin\..\lib\slf4j-api-1.6.1.jar;C:\Dev\tools\soapui-pro-4.5.2-m-SNAPSHOT\bin\..\lib\soapui-4.5.2-m-20130820.121012-13.jar;C:\Dev\tools\soapui-pro-4.5.2-m-SNAPSHOT\bin\..\lib\swingx-soapui.jar;C:\Dev\tools\soapui-pro-4.5.2-m-SNAPSHOT\bin\..\lib\winpack-3.8.3.jar;C:\Dev\tools\soapui-pro-4.5.2-m-SNAPSHOT\bin\..\lib\ws-commons-util-1.0.2.jar;C:\Dev\tools\soapui-pro-4.5.2-m-SNAPSHOT\bin\..\lib\wsdl4j-1.6.2-fixed.jar;C:\Dev\tools\soapui-pro-4.5.2-m-SNAPSHOT\bin\..\lib\wss4j-1.6.2.jar;C:\Dev\tools\soapui-pro-4.5.2-m-SNAPSHOT\bin\..\lib\xalan-2.7.1.jar;C:\Dev\tools\soapui-pro-4.5.2-m-SNAPSHOT\bin\..\lib\xbean-fixed-2.4.0.jar;C:\Dev\tools\soapui-pro-4.5.2-m-SNAPSHOT\bin\..\lib\xbean_xpath-2.4.0.jar;C:\Dev\tools\soapui-pro-4.5.2-m-SNAPSHOT\bin\..\lib\xercesImpl-2.9.1.jar;C:\Dev\tools\soapui-pro-4.5.2-m-SNAPSHOT\bin\..\lib\xml-apis-1.0.b2.jar;C:\Dev\tools\soapui-pro-4.5.2-m-SNAPSHOT\bin\..\lib\xml-apis-2.9.1.jar;C:\Dev\tools\soapui-pro-4.5.2-m-SNAPSHOT\bin\..\lib\xmlParserAPIs-2.6.2.jar;C:\Dev\tools\soapui-pro-4.5.2-m-SNAPSHOT\bin\..\lib\xmlpublic-2.4.0.jar;C:\Dev\tools\soapui-pro-4.5.2-m-SNAPSHOT\bin\..\lib\xmlsec-1.4.5.jar;C:\Dev\tools\soapui-pro-4.5.2-m-SNAPSHOT\bin\..\lib\xmltooling-1.3.1.jar;C:\Dev\tools\soapui-pro-4.5.2-m-SNAPSHOT\bin\..\lib\xmlunit-1.2.jar;C:\Dev\tools\soapui-pro-4.5.2-m-SNAPSHOT\bin\..\lib\xom-1.1.jar;C:\Dev\tools\soapui-pro-4.5.2-m-SNAPSHOT\bin\..\lib\xstream-1.3.1.jar;C:\Dev\tools\soapui-pro-4.5.2-m-SNAPSHOT\bin\..\lib\xulrunner-windows-3.3.jar;C:\Dev\tools\soapui-pro-4.5.2-m-SNAPSHOT\bin\..\lib\xulrunner15-windows-3.3.jar;"/><property name="user.name" value="zANGETSu"/><property name="soapui.ext.listeners" value="C:\Dev\tools\soapui-pro-4.5.2-m-SNAPSHOT\bin\listeners"/><property name="java.vm.specification.version" value="1.0"/><property name="sun.java.command" value="com.eviware.soapui.SoapUIProTestCaseRunner -sHudsonDemoSOAP TestSuite -cHudsonDemoInbound -r -a -j -fc:\Dev\proj\SOATestingFramework\soa-testing-framework\test\reports\ -RHudsonDemoInbound -FPDF, XLS -EDefault C:\Dev\workspaces\soapui\HudsonDemo-soapui-project.xml"/><property name="java.home" value="c:\Dev\sdk\jdk6u45\jre"/><property name="sun.arch.data.model" value="64"/><property name="groovy.source.encoding" value="iso-8859-1"/><property name="user.language" value="en"/><property name="java.specification.vendor" value="Sun Microsystems Inc."/><property name="awt.toolkit" value="sun.awt.windows.WToolkit"/><property name="java.vm.info" value="mixed mode"/><property name="java.version" value="1.6.0_45"/><property name="java.ext.dirs" value="c:\Dev\sdk\jdk6u45\jre\lib\ext;C:\windows\Sun\Java\lib\ext"/><property name="sun.boot.class.path" value="c:\Dev\sdk\jdk6u45\jre\lib\resources.jar;c:\Dev\sdk\jdk6u45\jre\lib\rt.jar;c:\Dev\sdk\jdk6u45\jre\lib\sunrsasign.jar;c:\Dev\sdk\jdk6u45\jre\lib\jsse.jar;c:\Dev\sdk\jdk6u45\jre\lib\jce.jar;c:\Dev\sdk\jdk6u45\jre\lib\charsets.jar;c:\Dev\sdk\jdk6u45\jre\lib\modules\jdk.boot.jar;c:\Dev\sdk\jdk6u45\jre\classes"/><property name="java.vendor" value="Sun Microsystems Inc."/><property name="file.separator" value="\"/><property name="java.vendor.url.bug" value="http://java.sun.com/cgi-bin/bugreport.cgi"/><property name="sun.io.unicode.encoding" value="UnicodeLittle"/><property name="sun.cpu.endian" value="little"/><property name="sun.desktop" value="windows"/><property name="sun.cpu.isalist" value="amd64"/></properties><testcase name="HudsonDemoInbound" time="1.839"/></testsuite>